<?xml version="1.0" encoding="UTF-8"?>
<testng-results skipped="0" failed="0" ignored="0" total="1" passed="1">
  <reporter-output>
  </reporter-output>
  <suite name="Default suite" duration-ms="23676" started-at="2020-08-22T09:10:18Z" finished-at="2020-08-22T09:10:41Z">
    <groups>
    </groups>
    <test name="Default test" duration-ms="23676" started-at="2020-08-22T09:10:18Z" finished-at="2020-08-22T09:10:41Z">
      <class name="com.naukri.test.UploadResume">
        <test-method status="PASS" signature="launchBrowser()[pri:0, instance:com.naukri.test.UploadResume@2a2d45ba]" name="launchBrowser" is-config="true" duration-ms="5355" started-at="2020-08-22T14:40:18Z" finished-at="2020-08-22T14:40:23Z">
          <reporter-output>
          </reporter-output>
        </test-method> <!-- launchBrowser -->
        <test-method status="PASS" signature="testUploadResume()[pri:0, instance:com.naukri.test.UploadResume@2a2d45ba]" name="testUploadResume" duration-ms="18293" started-at="2020-08-22T14:40:23Z" finished-at="2020-08-22T14:40:41Z">
          <reporter-output>
          </reporter-output>
        </test-method> <!-- testUploadResume -->
      </class> <!-- com.naukri.test.UploadResume -->
    </test> <!-- Default test -->
  </suite> <!-- Default suite -->
</testng-results>
